0 info it worked if it ends with ok
1 verbose cli [ 'C:\\Program Files\\nodejs\\node.exe',
1 verbose cli   'C:\\Program Files\\nodejs\\node_modules\\npm\\bin\\npm-cli.js',
1 verbose cli   'run',
1 verbose cli   'test' ]
2 info using npm@3.10.10
3 info using node@v6.17.1
4 verbose run-script [ 'pretest', 'test', 'posttest' ]
5 info lifecycle tic-metac-toe@1.0.0~pretest: tic-metac-toe@1.0.0
6 silly lifecycle tic-metac-toe@1.0.0~pretest: no script for pretest, continuing
7 info lifecycle tic-metac-toe@1.0.0~test: tic-metac-toe@1.0.0
8 verbose lifecycle tic-metac-toe@1.0.0~test: unsafe-perm in lifecycle true
9 verbose lifecycle tic-metac-toe@1.0.0~test: PATH: C:\Users\szelek\AppData\Roaming\nvm\v6.17.1\node_modules\npm\bin\node-gyp-bin;C:\git\personal\tic-metac-toe\node_modules\.bin;C:\Program Files\Git\mingw64\bin;C:\Program Files\Git\usr\bin;C:\bin;C:\bin;C:\Program Files\Git\usr\local\bin;C:\Program Files\Git\usr\bin;C:\Program Files\Git\usr\bin;C:\Program Files\Git\opt\bin;C:\Program Files (x86)\Common Files\Oracle\Java\javapath;C:\WINDOWS\system32;C:\WINDOWS;C:\WINDOWS\System32\Wbem;C:\WINDOWS\System32\WindowsPowerShell\v1.0;C:\WINDOWS\System32\OpenSSH;C:\Program Files\Microsoft SQL Server\130\Tools\Binn;C:\Program Files\dotnet;C:\Program Files\Git\cmd;C:\Program Files\TortoiseSVN\bin;C:\Program Files\SlikSvn\bin;C:\Program Files (x86)\CodeSmith\v6.5;C:\Program Files (x86)\Microsoft ASP.NET\ASP.NET Web Pages\v1.0;C:\Program Files (x86)\Microsoft SQL Server\Client SDK\ODBC\130\Tools\Binn;C:\Program Files (x86)\Microsoft SQL Server\140\Tools\Binn;C:\Program Files (x86)\Microsoft SQL Server\140\DTS\Binn;C:\Program Files (x86)\Microsoft SQL Server\140\Tools\Binn\ManagementStudio;C:\Users\szelek\AppData\Roaming\nvm;C:\Program Files\nodejs;C:\Program Files (x86)\GitExtensions;C:\Program Files\Git\usr\bin;C:\Users\szelek\AppData\Local\Programs\Python\Python38-32;C:\Users\szelek\AppData\Local\Programs\Python\Python38-32\Scripts;C:\ProgramData\chocolatey\bin;C:\Program Files\Microsoft SQL Server\Client SDK\ODBC\170\Tools\Binn;C:\Program Files (x86)\Yarn\bin;C:\Program Files (x86)\Microsoft SQL Server\150\Tools\Binn;C:\Program Files\Microsoft SQL Server\150\Tools\Binn;C:\Program Files\Microsoft SQL Server\150\DTS\Binn;C:\Program Files\Docker\Docker\resources\bin;C:\ProgramData\DockerDesktop\version-bin;C:\Users\szelek\.windows-build-tools\python27;C:\Users\szelek\AppData\Local\Microsoft\WindowsApps;C:\Users\szelek\AppData\Local\Programs\Microsoft VS Code\bin;C:\Users\szelek\AppData\Local\Polycom\RealPresence Desktop;C:\Users\szelek\.dotnet\tools;C:\Users\szelek\AppData\Local\Programs\Fiddler;C:\Users\szelek\AppData\Local\Yarn\bin;C:\CODE;C:\Program Files\Git\usr\bin\vendor_perl;C:\Program Files\Git\usr\bin\core_perl
10 verbose lifecycle tic-metac-toe@1.0.0~test: CWD: C:\git\personal\tic-metac-toe
11 silly lifecycle tic-metac-toe@1.0.0~test: Args: [ '/d /s /c', 'protractor ./test/protractor.conf.js' ]
12 silly lifecycle tic-metac-toe@1.0.0~test: Returned: code: 135  signal: null
13 info lifecycle tic-metac-toe@1.0.0~test: Failed to exec test script
14 verbose stack Error: tic-metac-toe@1.0.0 test: `protractor ./test/protractor.conf.js`
14 verbose stack Exit status 135
14 verbose stack     at EventEmitter.<anonymous> (C:\Users\szelek\AppData\Roaming\nvm\v6.17.1\node_modules\npm\lib\utils\lifecycle.js:255:16)
14 verbose stack     at emitTwo (events.js:106:13)
14 verbose stack     at EventEmitter.emit (events.js:191:7)
14 verbose stack     at ChildProcess.<anonymous> (C:\Users\szelek\AppData\Roaming\nvm\v6.17.1\node_modules\npm\lib\utils\spawn.js:40:14)
14 verbose stack     at emitTwo (events.js:106:13)
14 verbose stack     at ChildProcess.emit (events.js:191:7)
14 verbose stack     at maybeClose (internal/child_process.js:920:16)
14 verbose stack     at Process.ChildProcess._handle.onexit (internal/child_process.js:230:5)
15 verbose pkgid tic-metac-toe@1.0.0
16 verbose cwd C:\git\personal\tic-metac-toe
17 error Windows_NT 10.0.18362
18 error argv "C:\\Program Files\\nodejs\\node.exe" "C:\\Program Files\\nodejs\\node_modules\\npm\\bin\\npm-cli.js" "run" "test"
19 error node v6.17.1
20 error npm  v3.10.10
21 error code ELIFECYCLE
22 error tic-metac-toe@1.0.0 test: `protractor ./test/protractor.conf.js`
22 error Exit status 135
23 error Failed at the tic-metac-toe@1.0.0 test script 'protractor ./test/protractor.conf.js'.
23 error Make sure you have the latest version of node.js and npm installed.
23 error If you do, this is most likely a problem with the tic-metac-toe package,
23 error not with npm itself.
23 error Tell the author that this fails on your system:
23 error     protractor ./test/protractor.conf.js
23 error You can get information on how to open an issue for this project with:
23 error     npm bugs tic-metac-toe
23 error Or if that isn't available, you can get their info via:
23 error     npm owner ls tic-metac-toe
23 error There is likely additional logging output above.
24 verbose exit [ 1, true ]
